2020-09-23 09:51:40  INFO ObjectFactory:159 - 容器中还没有dao的对象，先实例化dao：flightDao
2020-09-23 09:51:40  INFO ObjectFactory:159 - 容器中还没有dao的对象，先实例化dao：flightSeatDao
2020-09-23 09:51:40  INFO ObjectFactory:159 - 容器中还没有dao的对象，先实例化dao：cabinDao
2020-09-23 09:51:40  INFO ObjectFactory:159 - 容器中还没有dao的对象，先实例化dao：flightCabinRelationDao
2020-09-23 09:51:40  INFO ObjectFactory:159 - 容器中还没有dao的对象，先实例化dao：transactionManager
2020-09-23 09:51:40  INFO ObjectFactory:159 - 容器中还没有dao的对象，先实例化dao：userDao
2020-09-23 09:51:40  INFO ObjectFactory:159 - 容器中还没有dao的对象，先实例化dao：orderDao
2020-09-23 09:51:40  INFO ObjectFactory:57 - 初始化实例失败,key重复,重复的key:transactionManager
2020-09-23 09:51:40  INFO ObjectFactory:57 - 初始化实例失败,key重复,重复的key:flightDao
2020-09-23 09:51:40  INFO ObjectFactory:57 - 初始化实例失败,key重复,重复的key:cabinDao
2020-09-23 09:51:40  INFO ObjectFactory:57 - 初始化实例失败,key重复,重复的key:orderDao
2020-09-23 09:51:40  INFO ObjectFactory:57 - 初始化实例失败,key重复,重复的key:flightSeatDao
2020-09-23 09:51:40  INFO ObjectFactory:57 - 初始化实例失败,key重复,重复的key:userDao
2020-09-23 09:51:40  INFO ObjectFactory:159 - 容器中还没有dao的对象，先实例化dao：adminDao
2020-09-23 09:51:40  INFO ObjectFactory:57 - 初始化实例失败,key重复,重复的key:adminDao
2020-09-23 09:51:40  INFO ObjectFactory:57 - 初始化实例失败,key重复,重复的key:flightCabinRelationDao
2020-09-23 09:52:24  INFO JdbcTemplate:201 - 数据更新成功,受影响行数：1
2020-09-23 09:52:24  INFO UserView:170 - [用户注册] userName:KKK123
2020-09-23 09:52:57  INFO UserServiceImpl:46 - 该身份证号已被注册！
2020-09-23 09:53:51  INFO JdbcTemplate:201 - 数据更新成功,受影响行数：1
2020-09-23 09:53:51  INFO UserView:170 - [用户注册] userName:mmm123
